[0905/143512.041:ERROR:connection.cc(1947)] Cookie sqlite error 8, errno 0: attempt to write a readonly database, sql: UPDATE cookies SET last_access_utc=? WHERE creation_utc=?
[0905/143512.043:ERROR:connection.cc(1947)] Cookie sqlite error 8, errno 0: attempt to write a readonly database, sql: UPDATE cookies SET last_access_utc=? WHERE creation_utc=?
[0905/143512.043:ERROR:connection.cc(1947)] Cookie sqlite error 8, errno 0: attempt to write a readonly database, sql: DELETE FROM cookies WHERE creation_utc=?
[0905/143512.043:ERROR:connection.cc(1947)] Cookie sqlite error 8, errno 0: attempt to write a readonly database, sql: DELETE FROM cookies WHERE creation_utc=?
[0905/143512.043:ERROR:connection.cc(1947)] Cookie sqlite error 8, errno 0: attempt to write a readonly database, sql: INSERT INTO cookies (creation_utc, host_key, name, value, encrypted_value, path, expires_utc, secure, httponly, firstpartyonly, last_access_utc, has_expires, persistent, priority) VALUES (?,?,?,?,?,?,?,?,?,?,?,?,?,?)
[0905/143512.044:ERROR:connection.cc(1947)] Cookie sqlite error 8, errno 0: attempt to write a readonly database, sql: DELETE FROM cookies WHERE creation_utc=?
[0905/143512.044:ERROR:connection.cc(1947)] Cookie sqlite error 8, errno 0: attempt to write a readonly database, sql: INSERT INTO cookies (creation_utc, host_key, name, value, encrypted_value, path, expires_utc, secure, httponly, firstpartyonly, last_access_utc, has_expires, persistent, priority) VALUES (?,?,?,?,?,?,?,?,?,?,?,?,?,?)
[0905/143512.044:ERROR:connection.cc(1947)] Cookie sqlite error 8, errno 0: attempt to write a readonly database, sql: INSERT INTO cookies (creation_utc, host_key, name, value, encrypted_value, path, expires_utc, secure, httponly, firstpartyonly, last_access_utc, has_expires, persistent, priority) VALUES (?,?,?,?,?,?,?,?,?,?,?,?,?,?)
[0905/143539.697:ERROR:interface_registry.cc(203)] Failed to locate a binder for interface: blink::mojom::SensitiveInputVisibilityService requested by: content_renderer exposed by: content_browser via InterfaceProviderSpec "navigation:frame".
[0905/143539.697:WARNING:interface_registry.cc(210)] 

InterfaceRegistry(navigation:frame):
Owned by:
  content_browser@ run as: 22a5c1bf-ccee-4eb5-be53-8f3faf08eee6

  Providing:
    capability: renderer containing interfaces:
      autofill::mojom::AutofillDriver
      autofill::mojom::PasswordManagerDriver
      blink::mojom::MediaSessionService
      blink::mojom::PermissionService
      blink::mojom::PresentationService
      blink::mojom::SensitiveInputVisibilityService
      blink::mojom::WebBluetoothService
      blink::mojom::WebSocket
      content::mojom::BrowserTarget
      device::VibrationManager
      device::mojom::GeolocationService
      device::mojom::SensorProvider
      device::mojom::VRService
      device::mojom::WakeLockService
      device::nfc::mojom::NFC
      device::usb::DeviceManager
      discardable_memory::mojom::DiscardableSharedMemoryManager
      extensions::KeepAlive
      extensions::mime_handler::MimeHandlerService
      media::mojom::InterfaceFactory
      media::mojom::RemoterFactory
      media::mojom::Renderer
      mojom::MediaDevicesDispatcherHost
      payments::mojom::PaymentRequest
      shape_detection::mojom::BarcodeDetection
      shape_detection::mojom::FaceDetectionProvider
      shape_detection::mojom::TextDetection
      ui::mojom::Gpu

  Requiring:
    From: content_renderer:
      browser

Bound to:
  content_renderer@3_1 run as: 22a5c1bf-ccee-4eb5-be53-8f3faf08eee6

  Providing:
    capability: browser containing interfaces:
      blink::mojom::AppBannerController
      blink::mojom::EngagementClient
      blink::mojom::InstallationService
      content::mojom::ImageDownloader
      mojom::MediaDevicesListener

  Requiring:
    From: content_browser:
      renderer

Binders registered for:
 * blink::mojom::MediaSessionService
 * blink::mojom::PermissionService
 * blink::mojom::PresentationService
 * blink::mojom::WebBluetoothService
 * blink::mojom::WebSocket
 * device::VibrationManager
 * device::mojom::GeolocationService
 * device::mojom::VRService
 * device::mojom::WakeLockService
 * media::mojom::InterfaceFactory
 * media::mojom::RemoterFactory
 * mojom::MediaDevicesDispatcherHost

 * - denotes an interface exposed to remote per policy.



[0905/143606.155:ERROR:connection.cc(1947)] Cookie sqlite error 8, errno 0: attempt to write a readonly database, sql: DELETE FROM cookies WHERE creation_utc=?
[0905/143606.155:ERROR:connection.cc(1947)] Cookie sqlite error 8, errno 0: attempt to write a readonly database, sql: INSERT INTO cookies (creation_utc, host_key, name, value, encrypted_value, path, expires_utc, secure, httponly, firstpartyonly, last_access_utc, has_expires, persistent, priority) VALUES (?,?,?,?,?,?,?,?,?,?,?,?,?,?)
[0905/143606.155:ERROR:connection.cc(1947)] Cookie sqlite error 8, errno 0: attempt to write a readonly database, sql: DELETE FROM cookies WHERE creation_utc=?
[0905/143606.155:ERROR:connection.cc(1947)] Cookie sqlite error 8, errno 0: attempt to write a readonly database, sql: INSERT INTO cookies (creation_utc, host_key, name, value, encrypted_value, path, expires_utc, secure, httponly, firstpartyonly, last_access_utc, has_expires, persistent, priority) VALUES (?,?,?,?,?,?,?,?,?,?,?,?,?,?)
[0905/143606.156:ERROR:connection.cc(1947)] Cookie sqlite error 8, errno 0: attempt to write a readonly database, sql: DELETE FROM cookies WHERE creation_utc=?
[0905/143606.156:ERROR:connection.cc(1947)] Cookie sqlite error 8, errno 0: attempt to write a readonly database, sql: INSERT INTO cookies (creation_utc, host_key, name, value, encrypted_value, path, expires_utc, secure, httponly, firstpartyonly, last_access_utc, has_expires, persistent, priority) VALUES (?,?,?,?,?,?,?,?,?,?,?,?,?,?)
[0905/143606.156:ERROR:connection.cc(1947)] Cookie sqlite error 8, errno 0: attempt to write a readonly database, sql: DELETE FROM cookies WHERE creation_utc=?
[0905/143606.156:ERROR:connection.cc(1947)] Cookie sqlite error 8, errno 0: attempt to write a readonly database, sql: INSERT INTO cookies (creation_utc, host_key, name, value, encrypted_value, path, expires_utc, secure, httponly, firstpartyonly, last_access_utc, has_expires, persistent, priority) VALUES (?,?,?,?,?,?,?,?,?,?,?,?,?,?)
[0905/143854.027:ERROR:connection.cc(1947)] Cookie sqlite error 8, errno 0: attempt to write a readonly database, sql: DELETE FROM cookies WHERE creation_utc=?
[0905/143854.027:ERROR:connection.cc(1947)] Cookie sqlite error 8, errno 0: attempt to write a readonly database, sql: UPDATE cookies SET last_access_utc=? WHERE creation_utc=?
[0905/143854.027:ERROR:connection.cc(1947)] Cookie sqlite error 8, errno 0: attempt to write a readonly database, sql: UPDATE cookies SET last_access_utc=? WHERE creation_utc=?
[0905/143854.027:ERROR:connection.cc(1947)] Cookie sqlite error 8, errno 0: attempt to write a readonly database, sql: DELETE FROM cookies WHERE creation_utc=?
[0905/143854.027:ERROR:connection.cc(1947)] Cookie sqlite error 8, errno 0: attempt to write a readonly database, sql: INSERT INTO cookies (creation_utc, host_key, name, value, encrypted_value, path, expires_utc, secure, httponly, firstpartyonly, last_access_utc, has_expires, persistent, priority) VALUES (?,?,?,?,?,?,?,?,?,?,?,?,?,?)
[0905/143854.028:ERROR:connection.cc(1947)] Cookie sqlite error 8, errno 0: attempt to write a readonly database, sql: DELETE FROM cookies WHERE creation_utc=?
[0905/143854.028:ERROR:connection.cc(1947)] Cookie sqlite error 8, errno 0: attempt to write a readonly database, sql: INSERT INTO cookies (creation_utc, host_key, name, value, encrypted_value, path, expires_utc, secure, httponly, firstpartyonly, last_access_utc, has_expires, persistent, priority) VALUES (?,?,?,?,?,?,?,?,?,?,?,?,?,?)
[0905/143854.028:ERROR:connection.cc(1947)] Cookie sqlite error 8, errno 0: attempt to write a readonly database, sql: INSERT INTO cookies (creation_utc, host_key, name, value, encrypted_value, path, expires_utc, secure, httponly, firstpartyonly, last_access_utc, has_expires, persistent, priority) VALUES (?,?,?,?,?,?,?,?,?,?,?,?,?,?)
[0905/144007.681:ERROR:interface_registry.cc(203)] Failed to locate a binder for interface: blink::mojom::SensitiveInputVisibilityService requested by: content_renderer exposed by: content_browser via InterfaceProviderSpec "navigation:frame".
[0905/144007.681:WARNING:interface_registry.cc(210)] 

InterfaceRegistry(navigation:frame):
Owned by:
  content_browser@ run as: 22a5c1bf-ccee-4eb5-be53-8f3faf08eee6

  Providing:
    capability: renderer containing interfaces:
      autofill::mojom::AutofillDriver
      autofill::mojom::PasswordManagerDriver
      blink::mojom::MediaSessionService
      blink::mojom::PermissionService
      blink::mojom::PresentationService
      blink::mojom::SensitiveInputVisibilityService
      blink::mojom::WebBluetoothService
      blink::mojom::WebSocket
      content::mojom::BrowserTarget
      device::VibrationManager
      device::mojom::GeolocationService
      device::mojom::SensorProvider
      device::mojom::VRService
      device::mojom::WakeLockService
      device::nfc::mojom::NFC
      device::usb::DeviceManager
      discardable_memory::mojom::DiscardableSharedMemoryManager
      extensions::KeepAlive
      extensions::mime_handler::MimeHandlerService
      media::mojom::InterfaceFactory
      media::mojom::RemoterFactory
      media::mojom::Renderer
      mojom::MediaDevicesDispatcherHost
      payments::mojom::PaymentRequest
      shape_detection::mojom::BarcodeDetection
      shape_detection::mojom::FaceDetectionProvider
      shape_detection::mojom::TextDetection
      ui::mojom::Gpu

  Requiring:
    From: content_renderer:
      browser

Bound to:
  content_renderer@3_1 run as: 22a5c1bf-ccee-4eb5-be53-8f3faf08eee6

  Providing:
    capability: browser containing interfaces:
      blink::mojom::AppBannerController
      blink::mojom::EngagementClient
      blink::mojom::InstallationService
      content::mojom::ImageDownloader
      mojom::MediaDevicesListener

  Requiring:
    From: content_browser:
      renderer

Binders registered for:
 * blink::mojom::MediaSessionService
 * blink::mojom::PermissionService
 * blink::mojom::PresentationService
 * blink::mojom::WebBluetoothService
 * blink::mojom::WebSocket
 * device::VibrationManager
 * device::mojom::GeolocationService
 * device::mojom::VRService
 * device::mojom::WakeLockService
 * media::mojom::InterfaceFactory
 * media::mojom::RemoterFactory
 * mojom::MediaDevicesDispatcherHost

 * - denotes an interface exposed to remote per policy.



[0905/144037.059:ERROR:connection.cc(1947)] Cookie sqlite error 8, errno 0: attempt to write a readonly database, sql: UPDATE cookies SET last_access_utc=? WHERE creation_utc=?
[0905/144037.059:ERROR:connection.cc(1947)] Cookie sqlite error 8, errno 0: attempt to write a readonly database, sql: UPDATE cookies SET last_access_utc=? WHERE creation_utc=?
[0905/144037.059:ERROR:connection.cc(1947)] Cookie sqlite error 8, errno 0: attempt to write a readonly database, sql: DELETE FROM cookies WHERE creation_utc=?
[0905/144037.059:ERROR:connection.cc(1947)] Cookie sqlite error 8, errno 0: attempt to write a readonly database, sql: DELETE FROM cookies WHERE creation_utc=?
[0905/144037.059:ERROR:connection.cc(1947)] Cookie sqlite error 8, errno 0: attempt to write a readonly database, sql: INSERT INTO cookies (creation_utc, host_key, name, value, encrypted_value, path, expires_utc, secure, httponly, firstpartyonly, last_access_utc, has_expires, persistent, priority) VALUES (?,?,?,?,?,?,?,?,?,?,?,?,?,?)
[0905/144037.059:ERROR:connection.cc(1947)] Cookie sqlite error 8, errno 0: attempt to write a readonly database, sql: DELETE FROM cookies WHERE creation_utc=?
[0905/144037.059:ERROR:connection.cc(1947)] Cookie sqlite error 8, errno 0: attempt to write a readonly database, sql: INSERT INTO cookies (creation_utc, host_key, name, value, encrypted_value, path, expires_utc, secure, httponly, firstpartyonly, last_access_utc, has_expires, persistent, priority) VALUES (?,?,?,?,?,?,?,?,?,?,?,?,?,?)
[0905/144037.059:ERROR:connection.cc(1947)] Cookie sqlite error 8, errno 0: attempt to write a readonly database, sql: INSERT INTO cookies (creation_utc, host_key, name, value, encrypted_value, path, expires_utc, secure, httponly, firstpartyonly, last_access_utc, has_expires, persistent, priority) VALUES (?,?,?,?,?,?,?,?,?,?,?,?,?,?)
[0905/145039.508:ERROR:connection.cc(1947)] Cookie sqlite error 8, errno 0: attempt to write a readonly database, sql: UPDATE cookies SET last_access_utc=? WHERE creation_utc=?
[0905/145039.508:ERROR:connection.cc(1947)] Cookie sqlite error 8, errno 0: attempt to write a readonly database, sql: UPDATE cookies SET last_access_utc=? WHERE creation_utc=?
[0905/145039.508:ERROR:connection.cc(1947)] Cookie sqlite error 8, errno 0: attempt to write a readonly database, sql: DELETE FROM cookies WHERE creation_utc=?
[0905/145039.508:ERROR:connection.cc(1947)] Cookie sqlite error 8, errno 0: attempt to write a readonly database, sql: DELETE FROM cookies WHERE creation_utc=?
[0905/145039.509:ERROR:connection.cc(1947)] Cookie sqlite error 8, errno 0: attempt to write a readonly database, sql: INSERT INTO cookies (creation_utc, host_key, name, value, encrypted_value, path, expires_utc, secure, httponly, firstpartyonly, last_access_utc, has_expires, persistent, priority) VALUES (?,?,?,?,?,?,?,?,?,?,?,?,?,?)
[0905/145039.509:ERROR:connection.cc(1947)] Cookie sqlite error 8, errno 0: attempt to write a readonly database, sql: DELETE FROM cookies WHERE creation_utc=?
[0905/145039.509:ERROR:connection.cc(1947)] Cookie sqlite error 8, errno 0: attempt to write a readonly database, sql: INSERT INTO cookies (creation_utc, host_key, name, value, encrypted_value, path, expires_utc, secure, httponly, firstpartyonly, last_access_utc, has_expires, persistent, priority) VALUES (?,?,?,?,?,?,?,?,?,?,?,?,?,?)
[0905/145039.509:ERROR:connection.cc(1947)] Cookie sqlite error 8, errno 0: attempt to write a readonly database, sql: INSERT INTO cookies (creation_utc, host_key, name, value, encrypted_value, path, expires_utc, secure, httponly, firstpartyonly, last_access_utc, has_expires, persistent, priority) VALUES (?,?,?,?,?,?,?,?,?,?,?,?,?,?)
[0905/161954.339:ERROR:interface_registry.cc(203)] Failed to locate a binder for interface: blink::mojom::SensitiveInputVisibilityService requested by: content_renderer exposed by: content_browser via InterfaceProviderSpec "navigation:frame".
[0905/161954.339:WARNING:interface_registry.cc(210)] 

InterfaceRegistry(navigation:frame):
Owned by:
  content_browser@ run as: 22a5c1bf-ccee-4eb5-be53-8f3faf08eee6

  Providing:
    capability: renderer containing interfaces:
      autofill::mojom::AutofillDriver
      autofill::mojom::PasswordManagerDriver
      blink::mojom::MediaSessionService
      blink::mojom::PermissionService
      blink::mojom::PresentationService
      blink::mojom::SensitiveInputVisibilityService
      blink::mojom::WebBluetoothService
      blink::mojom::WebSocket
      content::mojom::BrowserTarget
      device::VibrationManager
      device::mojom::GeolocationService
      device::mojom::SensorProvider
      device::mojom::VRService
      device::mojom::WakeLockService
      device::nfc::mojom::NFC
      device::usb::DeviceManager
      discardable_memory::mojom::DiscardableSharedMemoryManager
      extensions::KeepAlive
      extensions::mime_handler::MimeHandlerService
      media::mojom::InterfaceFactory
      media::mojom::RemoterFactory
      media::mojom::Renderer
      mojom::MediaDevicesDispatcherHost
      payments::mojom::PaymentRequest
      shape_detection::mojom::BarcodeDetection
      shape_detection::mojom::FaceDetectionProvider
      shape_detection::mojom::TextDetection
      ui::mojom::Gpu

  Requiring:
    From: content_renderer:
      browser

Bound to:
  content_renderer@3_1 run as: 22a5c1bf-ccee-4eb5-be53-8f3faf08eee6

  Providing:
    capability: browser containing interfaces:
      blink::mojom::AppBannerController
      blink::mojom::EngagementClient
      blink::mojom::InstallationService
      content::mojom::ImageDownloader
      mojom::MediaDevicesListener

  Requiring:
    From: content_browser:
      renderer

Binders registered for:
 * blink::mojom::MediaSessionService
 * blink::mojom::PermissionService
 * blink::mojom::PresentationService
 * blink::mojom::WebBluetoothService
 * blink::mojom::WebSocket
 * device::VibrationManager
 * device::mojom::GeolocationService
 * device::mojom::VRService
 * device::mojom::WakeLockService
 * media::mojom::InterfaceFactory
 * media::mojom::RemoterFactory
 * mojom::MediaDevicesDispatcherHost

 * - denotes an interface exposed to remote per policy.



[0905/162023.519:ERROR:connection.cc(1947)] Cookie sqlite error 8, errno 0: attempt to write a readonly database, sql: UPDATE cookies SET last_access_utc=? WHERE creation_utc=?
[0905/162023.519:ERROR:connection.cc(1947)] Cookie sqlite error 8, errno 0: attempt to write a readonly database, sql: UPDATE cookies SET last_access_utc=? WHERE creation_utc=?
[0905/162023.519:ERROR:connection.cc(1947)] Cookie sqlite error 8, errno 0: attempt to write a readonly database, sql: DELETE FROM cookies WHERE creation_utc=?
[0905/162023.520:ERROR:connection.cc(1947)] Cookie sqlite error 8, errno 0: attempt to write a readonly database, sql: DELETE FROM cookies WHERE creation_utc=?
[0905/162023.520:ERROR:connection.cc(1947)] Cookie sqlite error 8, errno 0: attempt to write a readonly database, sql: INSERT INTO cookies (creation_utc, host_key, name, value, encrypted_value, path, expires_utc, secure, httponly, firstpartyonly, last_access_utc, has_expires, persistent, priority) VALUES (?,?,?,?,?,?,?,?,?,?,?,?,?,?)
[0905/162023.520:ERROR:connection.cc(1947)] Cookie sqlite error 8, errno 0: attempt to write a readonly database, sql: DELETE FROM cookies WHERE creation_utc=?
[0905/162023.520:ERROR:connection.cc(1947)] Cookie sqlite error 8, errno 0: attempt to write a readonly database, sql: INSERT INTO cookies (creation_utc, host_key, name, value, encrypted_value, path, expires_utc, secure, httponly, firstpartyonly, last_access_utc, has_expires, persistent, priority) VALUES (?,?,?,?,?,?,?,?,?,?,?,?,?,?)
[0905/162023.520:ERROR:connection.cc(1947)] Cookie sqlite error 8, errno 0: attempt to write a readonly database, sql: INSERT INTO cookies (creation_utc, host_key, name, value, encrypted_value, path, expires_utc, secure, httponly, firstpartyonly, last_access_utc, has_expires, persistent, priority) VALUES (?,?,?,?,?,?,?,?,?,?,?,?,?,?)
[0905/162355.062:ERROR:connection.cc(1947)] Cookie sqlite error 8, errno 0: attempt to write a readonly database, sql: UPDATE cookies SET last_access_utc=? WHERE creation_utc=?
[0905/162355.062:ERROR:connection.cc(1947)] Cookie sqlite error 8, errno 0: attempt to write a readonly database, sql: UPDATE cookies SET last_access_utc=? WHERE creation_utc=?
[0905/162355.062:ERROR:connection.cc(1947)] Cookie sqlite error 8, errno 0: attempt to write a readonly database, sql: DELETE FROM cookies WHERE creation_utc=?
[0905/162355.063:ERROR:connection.cc(1947)] Cookie sqlite error 8, errno 0: attempt to write a readonly database, sql: DELETE FROM cookies WHERE creation_utc=?
[0905/162355.063:ERROR:connection.cc(1947)] Cookie sqlite error 8, errno 0: attempt to write a readonly database, sql: INSERT INTO cookies (creation_utc, host_key, name, value, encrypted_value, path, expires_utc, secure, httponly, firstpartyonly, last_access_utc, has_expires, persistent, priority) VALUES (?,?,?,?,?,?,?,?,?,?,?,?,?,?)
[0905/162355.063:ERROR:connection.cc(1947)] Cookie sqlite error 8, errno 0: attempt to write a readonly database, sql: DELETE FROM cookies WHERE creation_utc=?
[0905/162355.063:ERROR:connection.cc(1947)] Cookie sqlite error 8, errno 0: attempt to write a readonly database, sql: INSERT INTO cookies (creation_utc, host_key, name, value, encrypted_value, path, expires_utc, secure, httponly, firstpartyonly, last_access_utc, has_expires, persistent, priority) VALUES (?,?,?,?,?,?,?,?,?,?,?,?,?,?)
[0905/162355.063:ERROR:connection.cc(1947)] Cookie sqlite error 8, errno 0: attempt to write a readonly database, sql: INSERT INTO cookies (creation_utc, host_key, name, value, encrypted_value, path, expires_utc, secure, httponly, firstpartyonly, last_access_utc, has_expires, persistent, priority) VALUES (?,?,?,?,?,?,?,?,?,?,?,?,?,?)
[0905/162355.063:ERROR:connection.cc(1947)] Cookie sqlite error 8, errno 0: attempt to write a readonly database, sql: DELETE FROM cookies WHERE creation_utc=?
[0905/162355.064:ERROR:connection.cc(1947)] Cookie sqlite error 8, errno 0: attempt to write a readonly database, sql: INSERT INTO cookies (creation_utc, host_key, name, value, encrypted_value, path, expires_utc, secure, httponly, firstpartyonly, last_access_utc, has_expires, persistent, priority) VALUES (?,?,?,?,?,?,?,?,?,?,?,?,?,?)
[0905/162355.064:ERROR:connection.cc(1947)] Cookie sqlite error 8, errno 0: attempt to write a readonly database, sql: DELETE FROM cookies WHERE creation_utc=?
[0905/162355.064:ERROR:connection.cc(1947)] Cookie sqlite error 8, errno 0: attempt to write a readonly database, sql: INSERT INTO cookies (creation_utc, host_key, name, value, encrypted_value, path, expires_utc, secure, httponly, firstpartyonly, last_access_utc, has_expires, persistent, priority) VALUES (?,?,?,?,?,?,?,?,?,?,?,?,?,?)
[0905/163109.556:ERROR:connection.cc(1947)] Cookie sqlite error 8, errno 0: attempt to write a readonly database, sql: DELETE FROM cookies WHERE creation_utc=?
[0905/163109.556:ERROR:connection.cc(1947)] Cookie sqlite error 8, errno 0: attempt to write a readonly database, sql: UPDATE cookies SET last_access_utc=? WHERE creation_utc=?
[0905/163109.556:ERROR:connection.cc(1947)] Cookie sqlite error 8, errno 0: attempt to write a readonly database, sql: UPDATE cookies SET last_access_utc=? WHERE creation_utc=?
[0905/163316.925:ERROR:connection.cc(1947)] Cookie sqlite error 8, errno 0: attempt to write a readonly database, sql: UPDATE cookies SET last_access_utc=? WHERE creation_utc=?
[0905/163316.925:ERROR:connection.cc(1947)] Cookie sqlite error 8, errno 0: attempt to write a readonly database, sql: UPDATE cookies SET last_access_utc=? WHERE creation_utc=?
[0905/163403.812:ERROR:connection.cc(1947)] Cookie sqlite error 8, errno 0: attempt to write a readonly database, sql: UPDATE cookies SET last_access_utc=? WHERE creation_utc=?
[0905/163403.812:ERROR:connection.cc(1947)] Cookie sqlite error 8, errno 0: attempt to write a readonly database, sql: UPDATE cookies SET last_access_utc=? WHERE creation_utc=?
